123.9 src/services/pong/Objects/Text/DashedWall.ts(9,22): error TS2420: Class 'DashedWall' incorrectly implements interface 'ITextObject'.
123.9   Type 'DashedWall' is missing the following properties from type 'ITextObject': name, size, loadFont
123.9 src/services/pong/Objects/Text/DashedWall.ts(22,22): error TS2345: Argument of type 'string' is not assignable to parameter of type 'number'.
123.9 src/services/pong/Objects/Text/Score.ts(9,22): error TS2420: Class 'Score' incorrectly implements interface 'ITextObject'.
123.9   Type 'Score' is missing the following properties from type 'ITextObject': name, size, loadFont
123.9 src/services/pong/Objects/Text/Score.ts(61,9): error TS2365: Operator '>' cannot be applied to types 'number | Promise<number>' and 'number'.
123.9 src/services/pong/Objects/Text/Score.ts(61,26): error TS2365: Operator '<' cannot be applied to types 'number | Promise<number>' and 'number'.
123.9 src/services/pong/Objects/Text/HelpText.ts(9,18): error TS2304: Cannot find name 'Font'.
123.9 src/services/pong/Objects/Text/HelpText.ts(84,10): error TS2416: Property 'updateScore' in type 'HelpText' is not assignable to the same property in base type 'ITextObject'.
123.9   Type '(endingText: string) => void' is not assignable to type '(numScore: number) => void'.
123.9     Types of parameters 'endingText' and 'numScore' are incompatible.
123.9       Type 'number' is not assignable to type 'string'.
123.9 src/services/pong/Objects/Text/GameOver.ts(60,10): error TS2416: Property 'updateScore' in type 'Score' is not assignable to the same property in base type 'ITextObject'.
123.9   Type '(endingText: string) => void' is not assignable to type '(numScore: number) => void'.
123.9     Types of parameters 'endingText' and 'numScore' are incompatible.
123.9       Type 'number' is not assignable to type 'string'.
123.9 src/services/pong/Objects/Wall.ts(10,5): error TS2554: Expected 5 arguments, but got 3.
123.9 src/services/pong/Objects/Utils/Utils.ts(29,35): error TS2304: Cannot find name 'Mesh'.
123.9 src/views/public/Login.vue(55,18): error TS5097: An import path can only end with a '.ts' extension when 'allowImportingTsExtensions' is enabled.
123.9 src/views/public/Login.vue(60,13): error TS2613: Module '"/frontend/src/models/user/userRequest"' has no default export. Did you mean to use 'import { userRequest } from "/frontend/src/models/user/userRequest"' instead?
123.9 src/views/public/Login.vue(61,13): error TS2613: Module '"/frontend/src/models/user/userResponse"' has no default export. Did you mean to use 'import { userResponse } from "/frontend/src/models/user/userResponse"' instead?
123.9 src/views/public/Login.vue(70,13): error TS2304: Cannot find name 'Ref'.
123.9 src/views/public/Login.vue(80,48): error TS2558: Expected 0 type arguments, but got 1.
123.9 src/utils/socket/imp/socket.ts(62,39): error TS2345: Argument of type '(event: Event) => void' is not assignable to parameter of type 'WebsocketEventListener<WebsocketEvent>'.
123.9   Types of parameters 'event' and 'instance' are incompatible.
123.9     Type 'Websocket' is missing the following properties from type 'Event': bubbles, cancelBubble, cancelable, composed, and 18 more.
123.9 src/utils/socket/imp/socket.ts(68,42): error TS2345: Argument of type '(event: Event) => void' is not assignable to parameter of type 'WebsocketEventListener<WebsocketEvent>'.
123.9   Types of parameters 'event' and 'instance' are incompatible.
123.9     Type 'Websocket' is not assignable to type 'Event'.
123.9 src/views/private/DesplegableChat.vue(84,26): error TS7016: Could not find a declaration file for module './eventbus.js'. '/frontend/src/views/private/eventbus.js' implicitly has an 'any' type.
123.9 src/views/private/DesplegableChat.vue(86,16): error TS2665: Invalid module name in augmentation. Module './eventbus.js' resolves to an untyped module at '/frontend/src/views/private/eventbus.js', which cannot be augmented.
123.9 src/views/private/DesplegableChat.vue(175,7): error TS2322: Type 'null' is not assignable to type '{ open: (room?: string | undefined) => void; close: () => void; send: (username: string, message: string, index: number) => void; reconnect: () => boolean | undefined; AddEventListener: (event: WebsocketEvent, callback: (event: Event) => void) => void; RemoveEventListener: (event: WebsocketEvent, callback: (event: E...'.
123.9 src/views/private/DesplegableChat.vue(182,57): error TS2367: This comparison appears to be unintentional because the types 'number' and 'string' have no overlap.
123.9 src/views/private/DesplegableChat.vue(190,24): error TS2345: Argument of type '{ open: (room?: string | undefined) => void; close: () => void; send: (username: string, message: string, index: number) => void; reconnect: () => boolean | undefined; AddEventListener: (event: WebsocketEvent, callback: (event: Event) => void) => void; RemoveEventListener: (event: WebsocketEvent, callback: (event: E...' is not assignable to parameter of type 'Socket'.
123.9   Type '{ open: (room?: string | undefined) => void; close: () => void; send: (username: string, message: string, index: number) => void; reconnect: () => boolean | undefined; AddEventListener: (event: WebsocketEvent, callback: (event: Event) => void) => void; RemoveEventListener: (event: WebsocketEvent, callback: (event: E...' is missing the following properties from type 'Socket': ws, url, room, onOpen, and 2 more.
123.9 src/views/private/DesplegableChat.vue(204,28): error TS2345: Argument of type '{ id: string; friend: Friend; messages: never[]; isOpen: boolean; newMessagesCount: number; socket: Socket; }' is not assignable to parameter of type '{ id: number; friend: { id: number; username: string; isOnline: boolean; is_blocked_by_user: boolean; is_blocked_by_friend: boolean; }; messages: { type: string; author: string; data: { text: string; }; }[]; isOpen: boolean; newMessagesCount: number; socket?: { ...; } | undefined; }'.
123.9   Types of property 'id' are incompatible.
123.9     Type 'string' is not assignable to type 'number'.
123.9 src/views/private/DesplegableChat.vue(214,3): error TS18048: 'chat' is possibly 'undefined'.
123.9 src/views/private/DesplegableChat.vue(215,7): error TS18048: 'chat' is possibly 'undefined'.
123.9 src/views/private/DesplegableChat.vue(216,3): error TS18048: 'chat' is possibly 'undefined'.
123.9 src/views/private/DesplegableChat.vue(217,3): error TS18048: 'chat' is possibly 'undefined'.
123.9 src/views/private/DesplegableChat.vue(217,3): error TS2322: Type 'null' is not assignable to type '{ open: (room?: string | undefined) => void; close: () => void; send: (username: string, message: string, index: number) => void; reconnect: () => boolean | undefined; AddEventListener: (event: WebsocketEvent, callback: (event: Event) => void) => void; RemoveEventListener: (event: WebsocketEvent, callback: (event: E...'.
123.9 src/views/private/DesplegableChat.vue(219,3): error TS18048: 'chat' is possibly 'undefined'.
123.9 src/views/private/DesplegableChat.vue(230,7): error TS2322: Type 'null' is not assignable to type '{ open: (room?: string | undefined) => void; close: () => void; send: (username: string, message: string, index: number) => void; reconnect: () => boolean | undefined; AddEventListener: (event: WebsocketEvent, callback: (event: Event) => void) => void; RemoveEventListener: (event: WebsocketEvent, callback: (event: E...'.
123.9 src/views/private/DesplegableChat.vue(238,3): error TS18048: 'chat' is possibly 'undefined'.
123.9 src/views/private/DesplegableChat.vue(286,28): error TS2347: Untyped function calls may not accept type arguments.
123.9 src/views/private/DesplegableChat.vue(290,7): error TS2322: Type 'null' is not assignable to type '{ open: (room?: string | undefined) => void; close: () => void; send: (username: string, message: string, index: number) => void; reconnect: () => boolean | undefined; AddEventListener: (event: WebsocketEvent, callback: (event: Event) => void) => void; RemoveEventListener: (event: WebsocketEvent, callback: (event: E...'.
123.9 src/views/private/DesplegableChat.vue(296,33): error TS7006: Parameter 'data' implicitly has an 'any' type.
123.9 src/views/private/DesplegableChat.vue(301,51): error TS7006: Parameter 'friend' implicitly has an 'any' type.
123.9 src/views/private/DesplegableChat.vue(312,27): error TS2552: Cannot find name 'Websocket'. Did you mean 'Socket'?
123.9 src/views/private/DesplegableChat.vue(328,59): error TS2345: Argument of type '(i: Websocket, ev: MessageEvent) => void' is not assignable to parameter of type '(event: Event) => void'.
123.9   Target signature provides too few arguments. Expected 2 or more, but got 1.
123.9 src/views/private/DesplegableChat.vue(7,8): error TS2322: Type 'string' is not assignable to type 'Booleanish | undefined'.
123.9 src/views/private/DesplegableChat.vue(71,31): error TS2345: Argument of type '{ id: number; username: string; isOnline: boolean; is_blocked_by_user: boolean; is_blocked_by_friend: boolean; } | null' is not assignable to parameter of type 'Friend'.
123.9   Type 'null' is not assignable to type 'Friend'.
123.9 src/views/private/DesplegableChat.vue(73,29): error TS7006: Parameter 'message' implicitly has an 'any' type.
123.9 src/views/private/Friends.vue(78,26): error TS7016: Could not find a declaration file for module './eventbus.js'. '/frontend/src/views/private/eventbus.js' implicitly has an 'any' type.
123.9 src/views/private/Friends.vue(131,62): error TS7006: Parameter 'friend' implicitly has an 'any' type.
123.9 src/views/private/NavHome.vue(93,22): error TS2307: Cannot find module '../../services/Api/api' or its corresponding type declarations.
123.9 src/views/private/NavHome.vue(173,48): error TS2339: Property 'data' does not exist on type 'boolean'.
123.9 src/views/private/NavHome.vue(176,36): error TS18046: 'error' is of type 'unknown'.
123.9 src/views/private/NavHome.vue(176,53): error TS18046: 'error' is of type 'unknown'.
123.9 src/views/private/NavHome.vue(176,75): error TS18046: 'error' is of type 'unknown'.
123.9 src/views/private/NavHome.vue(177,32): error TS18046: 'error' is of type 'unknown'.
123.9 src/views/private/NavHome.vue(177,49): error TS18046: 'error' is of type 'unknown'.
123.9 src/views/private/NavHome.vue(177,79): error TS18046: 'error' is of type 'unknown'.
123.9 src/views/private/NavHome.vue(207,50): error TS18046: 'error' is of type 'unknown'.
123.9 src/views/private/NavHome.vue(71,35): error TS2339: Property 'friend' does not exist on type '{ id: number; username: string; }'.
123.9 src/views/private/NavHome.vue(72,36): error TS2339: Property 'friend' does not exist on type '{ id: number; username: string; }'.
123.9 src/views/private/Pong/PongAI.vue(127,5): error TS2739: Type 'Score' is missing the following properties from type 'HelpText': size, loadFont
123.9 src/views/private/Pong/PongAI.vue(265,28): error TS2339: Property 'x' does not exist on type 'boolean'.
123.9 src/views/private/Pong/PongAI.vue(266,7): error TS2322: Type 'number' is not assignable to type 'boolean'.
123.9 src/views/private/Pong/PongAI.vue(268,7): error TS2322: Type 'number' is not assignable to type 'boolean'.
123.9 src/views/private/Pong/Pong2P.vue(256,28): error TS2339: Property 'x' does not exist on type 'boolean'.
123.9 src/views/private/Pong/Pong2P.vue(257,7): error TS2322: Type 'number' is not assignable to type 'boolean'.
123.9 src/views/private/Pong/Pong2P.vue(259,7): error TS2322: Type 'number' is not assignable to type 'boolean'.
123.9 src/views/private/Pong/PongTournament4P.vue(93,3): error TS2322: Type 'number[]' is not assignable to type 'number[][]'.
123.9   Type 'number' is not assignable to type 'number[]'.
123.9 src/views/private/Pong/PongTournament4P.vue(310,28): error TS2339: Property 'x' does not exist on type 'boolean'.
123.9 src/views/private/Pong/PongTournament4P.vue(311,7): error TS2322: Type 'number' is not assignable to type 'boolean'.
123.9 src/views/private/Pong/PongTournament4P.vue(313,7): error TS2322: Type 'number' is not assignable to type 'boolean'.
123.9 src/views/private/Pong/NameInputMenu.vue(130,18): error TS5097: An import path can only end with a '.ts' extension when 'allowImportingTsExtensions' is enabled.
123.9 src/views/private/Pong/NameInputMenu.vue(138,7): error TS2322: Type 'Ref<boolean, boolean>' is not assignable to type 'boolean'.
123.9 src/views/private/Pong/NameInputMenu.vue(182,13): error TS18046: 'response.data' is of type 'unknown'.
123.9 src/views/private/Pong/NameInputMenu.vue(239,22): error TS7006: Parameter 'mode' implicitly has an 'any' type.
123.9 src/views/private/Pong/NameInputMenu.vue(244,24): error TS7006: Parameter 'currentIndex' implicitly has an 'any' type.
123.9 src/views/private/Pong/NameInputMenu.vue(254,40): error TS2551: Property 'value' does not exist on type 'boolean'. Did you mean 'valueOf'?
123.9 src/views/private/Pong/NameInputMenu.vue(258,27): error TS2345: Argument of type '{ player: string; id: number; }' is not assignable to parameter of type 'never'.
123.9 src/views/private/Pong/NameInputMenu.vue(259,21): error TS18048: 'userOne.value' is possibly 'undefined'.
123.9 src/views/private/Pong/NameInputMenu.vue(260,17): error TS18048: 'userOne.value' is possibly 'undefined'.
123.9 src/views/private/Pong/NameInputMenu.vue(262,14): error TS2339: Property 'aiDifficulty' does not exist on type '{ gameMode: string; players: never[]; isAudioEnabled: any; }'.
123.9 src/views/private/Pong/NameInputMenu.vue(264,34): error TS2531: Object is possibly 'null'.
123.9 src/views/private/Pong/NameInputMenu.vue(264,81): error TS2339: Property 'value' does not exist on type 'Element'.
123.9 src/views/private/Pong/NameInputMenu.vue(267,31): error TS2345: Argument of type '{ player: string; id: number; }' is not assignable to parameter of type 'never'.
123.9 src/views/private/Pong/NameInputMenu.vue(268,25): error TS18048: 'userOne.value' is possibly 'undefined'.
123.9 src/views/private/Pong/NameInputMenu.vue(269,21): error TS18048: 'userOne.value' is possibly 'undefined'.
123.9 src/views/private/Pong/NameInputMenu.vue(271,31): error TS2345: Argument of type '{ player: string; id: number; }' is not assignable to parameter of type 'never'.
123.9 src/views/private/Pong/NameInputMenu.vue(279,45): error TS2339: Property 'value' does not exist on type 'Element'.
123.9 src/views/private/Pong/NameInputMenu.vue(282,35): error TS2345: Argument of type '{ player: string; id: number; }' is not assignable to parameter of type 'never'.
123.9 src/views/private/Pong/NameInputMenu.vue(41,28): error TS18048: '__VLS_ctx.userOne' is possibly 'undefined'.
123.9 src/views/private/Pong/NameInputMenu.vue(52,66): error TS18048: '__VLS_ctx.userOne' is possibly 'undefined'.
123.9 src/views/private/Pong/PongIndex.vue(8,18): error TS5097: An import path can only end with a '.ts' extension when 'allowImportingTsExtensions' is enabled.
123.9 src/views/private/Pong/PongIndex.vue(52,23): error TS2339: Property 'pause' does not exist on type 'never'.
123.9 src/views/private/Pong/PongIndex.vue(53,23): error TS2339: Property 'currentTime' does not exist on type 'never'.
123.9 src/views/private/Pong/PongIndex.vue(59,23): error TS2339: Property 'play' does not exist on type 'never'.
123.9 src/views/private/Pong/PongIndex.vue(64,32): error TS7006: Parameter 'data' implicitly has an 'any' type.
123.9 src/views/private/Pong/PongIndex.vue(91,5): error TS2322: Type 'Raw<DefineComponent<__VLS_Props, {}, {}, {}, {}, ComponentOptionsMixin, ComponentOptionsMixin, { gameOver: (...args: any[]) => void; }, ... 11 more ..., any>>' is not assignable to type 'null'.
123.9 src/views/private/Pong/PongIndex.vue(93,5): error TS2322: Type 'Raw<DefineComponent<__VLS_Props, {}, {}, {}, {}, ComponentOptionsMixin, ComponentOptionsMixin, { gameOver: (...args: any[]) => void; }, ... 11 more ..., any>>' is not assignable to type 'null'.
123.9 src/views/private/Pong/PongIndex.vue(95,5): error TS2322: Type 'Raw<DefineComponent<__VLS_Props, {}, {}, {}, {}, ComponentOptionsMixin, ComponentOptionsMixin, { gameOver: (...args: any[]) => void; }, ... 11 more ..., HTMLDivElement>>' is not assignable to type 'null'.
123.9 src/views/private/Pong/PongIndex.vue(130,40): error TS18046: 'msgs' is of type 'unknown'.
123.9 src/views/private/Pong/PongIndex.vue(143,29): error TS7006: Parameter 'tournamentResults' implicitly has an 'any' type.
123.9 src/views/private/Pong/PongIndex.vue(157,37): error TS2454: Variable 'url' is used before being assigned.
123.9 src/views/private/Pong/PongIndex.vue(170,40): error TS18046: 'msgs' is of type 'unknown'.
123.9 src/views/private/Pong/PongIndex.vue(181,37): error TS7006: Parameter 'tournamentResults' implicitly has an 'any' type.
123.9 src/views/private/Pong/PongIndex.vue(201,40): error TS18046: 'msgs' is of type 'unknown'.
123.9 src/views/private/Pong/PongIndex.vue(212,37): error TS7006: Parameter 'tournamentResults' implicitly has an 'any' type.
123.9 src/views/private/Pong/PongIndex.vue(227,40): error TS18046: 'msgs' is of type 'unknown'.
123.9 src/views/private/Pong/PongIndex.vue(238,31): error TS7006: Parameter 'tournamentResults' implicitly has an 'any' type.
123.9 src/views/private/UserList.vue(31,18): error TS5097: An import path can only end with a '.ts' extension when 'allowImportingTsExtensions' is enabled.
123.9 src/views/private/UserList.vue(54,30): error TS2769: No overload matches this call.
123.9   Overload 1 of 2, '(o: ArrayLike<unknown> | { [s: string]: unknown; }): unknown[]', gave the following error.
123.9     Argument of type 'unknown' is not assignable to parameter of type 'ArrayLike<unknown> | { [s: string]: unknown; }'.
123.9   Overload 2 of 2, '(o: {}): any[]', gave the following error.
123.9     Argument of type 'unknown' is not assignable to parameter of type '{}'.
123.9 src/views/private/UserList.vue(55,3): error TS2322: Type 'unknown[]' is not assignable to type 'User[] | { id: number; username: string; nickname: string; email: string; }[]'.
123.9   Type 'unknown[]' is not assignable to type 'User[]'.
123.9     Type 'unknown' is not assignable to type 'User'.
123.9 src/views/private/UserList.vue(55,65): error TS18047: 'user' is possibly 'null'.
123.9 src/views/private/UserList.vue(55,70): error TS2339: Property 'id' does not exist on type 'object'.
123.9 src/views/private/UserList.vue(55,76): error TS18047: 'user' is possibly 'null'.
123.9 src/views/private/UserList.vue(55,81): error TS2339: Property 'username' does not exist on type 'object'.
123.9 src/views/private/UserList.vue(15,50): error TS2339: Property 'status' does not exist on type '{ id: number; username: string; nickname: string; email: string; }'.
123.9 src/views/private/Home.vue(41,18): error TS5097: An import path can only end with a '.ts' extension when 'allowImportingTsExtensions' is enabled.
123.9 src/views/private/Stats.vue(24,18): error TS5097: An import path can only end with a '.ts' extension when 'allowImportingTsExtensions' is enabled.
123.9 src/views/private/Stats.vue(60,5): error TS2322: Type '{ category: string; value: number; image: Ref<string, string>; }' is not assignable to type 'never'.
123.9 src/views/private/Stats.vue(61,5): error TS2322: Type '{ category: string; value: number; image: Ref<string, string>; }' is not assignable to type 'never'.
123.9 src/views/private/Stats.vue(62,5): error TS2322: Type '{ category: string; value: number; image: Ref<string, string>; }' is not assignable to type 'never'.
123.9 src/views/private/Stats.vue(63,5): error TS2322: Type '{ category: string; value: number; image: Ref<string, string>; }' is not assignable to type 'never'.
123.9 src/views/private/Stats.vue(64,5): error TS2322: Type '{ category: string; value: any; image: Ref<string, string>; }' is not assignable to type 'never'.
123.9 src/views/private/Stats.vue(64,66): error TS2339: Property 'time_played' does not exist on type '{ name: string; wins: number; losses: number; total_games: number; avg_score: number; }'.
123.9 src/views/private/Stats.vue(65,5): error TS2322: Type '{ category: string; value: any; image: Ref<string, string>; }' is not assignable to type 'never'.
123.9 src/views/private/Stats.vue(65,54): error TS2339: Property 'hits' does not exist on type '{ name: string; wins: number; losses: number; total_games: number; avg_score: number; }'.
123.9 src/views/private/Stats.vue(85,40): error TS18046: 'msgs' is of type 'unknown'.
123.9 src/views/private/Stats.vue(7,46): error TS2339: Property 'category' does not exist on type 'never'.
123.9 src/views/private/Stats.vue(8,27): error TS2339: Property 'image' does not exist on type 'never'.
123.9 src/views/private/Stats.vue(9,45): error TS2339: Property 'value' does not exist on type 'never'.
123.9 src/views/private/FriendList.vue(67,31): error TS2304: Cannot find name 'Api'.
123.9 src/views/private/Profile.vue(50,18): error TS5097: An import path can only end with a '.ts' extension when 'allowImportingTsExtensions' is enabled.
123.9 src/views/private/Profile.vue(75,5): error TS2322: Type '{ id: any; username: any; email: any; nickname: any; avatarUrl: string; }' is not assignable to type '{ id: number; username: string; email: string; nickname: string; avatarUrl: string; wins: string; losses: string; } | { id: number; username: string; email: string; nickname: string; avatarUrl: string; wins: string; losses: string; }'.
123.9   Type '{ id: any; username: any; email: any; nickname: any; avatarUrl: string; }' is missing the following properties from type '{ id: number; username: string; email: string; nickname: string; avatarUrl: string; wins: string; losses: string; }': wins, losses
123.9 src/views/private/Profile.vue(94,37): error TS2339: Property 'avatar_base64' does not exist on type 'ApiResponse<unknown>'.
123.9 src/views/private/UserProfile.vue(71,26): error TS7016: Could not find a declaration file for module './eventbus.js'. '/frontend/src/views/private/eventbus.js' implicitly has an 'any' type.
123.9 src/views/private/UserProfile.vue(200,52): error TS7006: Parameter 'friend' implicitly has an 'any' type.
123.9 src/views/private/UserProfile.vue(50,85): error TS2345: Argument of type '{ id: string; username: string; nickname: string; email: string; avatar: string; isFriend: boolean; friendRequestSent: boolean; is_blocked: boolean; }' is not assignable to parameter of type 'Friend'.
123.9   Type '{ id: string; username: string; nickname: string; email: string; avatar: string; isFriend: boolean; friendRequestSent: boolean; is_blocked: boolean; }' is missing the following properties from type 'Friend': is_blocked_by_user, is_blocked_by_friend
123.9 src/views/private/UserProfile.vue(58,37): error TS2322: Type 'string' is not assignable to type 'number'.
123.9 src/views/private/UserProfile.vue(61,36): error TS2322: Type 'string' is not assignable to type 'number'.
123.9 src/main.ts(4,17): error TS7016: Could not find a declaration file for module './App.vue'. '/frontend/src/App.vue' implicitly has an 'any' type.
123.9 src/main.ts(10,18): error TS7016: Could not find a declaration file for module 'vue3-beautiful-chat'. '/frontend/node_modules/vue3-beautiful-chat/index.js' implicitly has an 'any' type.
123.9   Try `npm i --save-dev @types/vue3-beautiful-chat` if it exists or add a new declaration (.d.ts) file containing `declare module 'vue3-beautiful-chat';`
126.9 src/services/pong/Objects/Text/DashedWall.ts(9,22): error TS2420: Class 'DashedWall' incorrectly implements interface 'ITextObject'.
126.9   Type 'DashedWall' is missing the following properties from type 'ITextObject': name, size, loadFont
126.9 src/services/pong/Objects/Text/DashedWall.ts(22,22): error TS2345: Argument of type 'string' is not assignable to parameter of type 'number'.
126.9 src/services/pong/Objects/Text/Score.ts(9,22): error TS2420: Class 'Score' incorrectly implements interface 'ITextObject'.
126.9   Type 'Score' is missing the following properties from type 'ITextObject': name, size, loadFont
126.9 src/services/pong/Objects/Text/Score.ts(61,9): error TS2365: Operator '>' cannot be applied to types 'number | Promise<number>' and 'number'.
126.9 src/services/pong/Objects/Text/Score.ts(61,26): error TS2365: Operator '<' cannot be applied to types 'number | Promise<number>' and 'number'.
126.9 src/services/pong/Objects/Text/HelpText.ts(9,18): error TS2304: Cannot find name 'Font'.
126.9 src/services/pong/Objects/Text/HelpText.ts(84,10): error TS2416: Property 'updateScore' in type 'HelpText' is not assignable to the same property in base type 'ITextObject'.
126.9   Type '(endingText: string) => void' is not assignable to type '(numScore: number) => void'.
126.9     Types of parameters 'endingText' and 'numScore' are incompatible.
126.9       Type 'number' is not assignable to type 'string'.
126.9 src/services/pong/Objects/Text/GameOver.ts(60,10): error TS2416: Property 'updateScore' in type 'Score' is not assignable to the same property in base type 'ITextObject'.
126.9   Type '(endingText: string) => void' is not assignable to type '(numScore: number) => void'.
126.9     Types of parameters 'endingText' and 'numScore' are incompatible.
126.9       Type 'number' is not assignable to type 'string'.
126.9 src/services/pong/Objects/Wall.ts(10,5): error TS2554: Expected 5 arguments, but got 3.
126.9 src/services/pong/Objects/Utils/Utils.ts(29,35): error TS2304: Cannot find name 'Mesh'.
126.9 src/views/public/Login.vue(55,18): error TS5097: An import path can only end with a '.ts' extension when 'allowImportingTsExtensions' is enabled.
126.9 src/views/public/Login.vue(60,13): error TS2613: Module '"/frontend/src/models/user/userRequest"' has no default export. Did you mean to use 'import { userRequest } from "/frontend/src/models/user/userRequest"' instead?
126.9 src/views/public/Login.vue(61,13): error TS2613: Module '"/frontend/src/models/user/userResponse"' has no default export. Did you mean to use 'import { userResponse } from "/frontend/src/models/user/userResponse"' instead?
126.9 src/views/public/Login.vue(70,13): error TS2304: Cannot find name 'Ref'.
126.9 src/views/public/Login.vue(80,48): error TS2558: Expected 0 type arguments, but got 1.
126.9 src/utils/socket/imp/socket.ts(62,39): error TS2345: Argument of type '(event: Event) => void' is not assignable to parameter of type 'WebsocketEventListener<WebsocketEvent>'.
126.9   Types of parameters 'event' and 'instance' are incompatible.
126.9     Type 'Websocket' is missing the following properties from type 'Event': bubbles, cancelBubble, cancelable, composed, and 18 more.
126.9 src/utils/socket/imp/socket.ts(68,42): error TS2345: Argument of type '(event: Event) => void' is not assignable to parameter of type 'WebsocketEventListener<WebsocketEvent>'.
126.9   Types of parameters 'event' and 'instance' are incompatible.
126.9     Type 'Websocket' is not assignable to type 'Event'.
126.9 src/views/private/DesplegableChat.vue(84,26): error TS7016: Could not find a declaration file for module './eventbus.js'. '/frontend/src/views/private/eventbus.js' implicitly has an 'any' type.
126.9 src/views/private/DesplegableChat.vue(86,16): error TS2665: Invalid module name in augmentation. Module './eventbus.js' resolves to an untyped module at '/frontend/src/views/private/eventbus.js', which cannot be augmented.
126.9 src/views/private/DesplegableChat.vue(175,7): error TS2322: Type 'null' is not assignable to type '{ open: (room?: string | undefined) => void; close: () => void; send: (username: string, message: string, index: number) => void; reconnect: () => boolean | undefined; AddEventListener: (event: WebsocketEvent, callback: (event: Event) => void) => void; RemoveEventListener: (event: WebsocketEvent, callback: (event: E...'.
126.9 src/views/private/DesplegableChat.vue(182,57): error TS2367: This comparison appears to be unintentional because the types 'number' and 'string' have no overlap.
126.9 src/views/private/DesplegableChat.vue(190,24): error TS2345: Argument of type '{ open: (room?: string | undefined) => void; close: () => void; send: (username: string, message: string, index: number) => void; reconnect: () => boolean | undefined; AddEventListener: (event: WebsocketEvent, callback: (event: Event) => void) => void; RemoveEventListener: (event: WebsocketEvent, callback: (event: E...' is not assignable to parameter of type 'Socket'.
126.9   Type '{ open: (room?: string | undefined) => void; close: () => void; send: (username: string, message: string, index: number) => void; reconnect: () => boolean | undefined; AddEventListener: (event: WebsocketEvent, callback: (event: Event) => void) => void; RemoveEventListener: (event: WebsocketEvent, callback: (event: E...' is missing the following properties from type 'Socket': ws, url, room, onOpen, and 2 more.
126.9 src/views/private/DesplegableChat.vue(204,28): error TS2345: Argument of type '{ id: string; friend: Friend; messages: never[]; isOpen: boolean; newMessagesCount: number; socket: Socket; }' is not assignable to parameter of type '{ id: number; friend: { id: number; username: string; isOnline: boolean; is_blocked_by_user: boolean; is_blocked_by_friend: boolean; }; messages: { type: string; author: string; data: { text: string; }; }[]; isOpen: boolean; newMessagesCount: number; socket?: { ...; } | undefined; }'.
126.9   Types of property 'id' are incompatible.
126.9     Type 'string' is not assignable to type 'number'.
126.9 src/views/private/DesplegableChat.vue(214,3): error TS18048: 'chat' is possibly 'undefined'.
126.9 src/views/private/DesplegableChat.vue(215,7): error TS18048: 'chat' is possibly 'undefined'.
126.9 src/views/private/DesplegableChat.vue(216,3): error TS18048: 'chat' is possibly 'undefined'.
126.9 src/views/private/DesplegableChat.vue(217,3): error TS18048: 'chat' is possibly 'undefined'.
126.9 src/views/private/DesplegableChat.vue(217,3): error TS2322: Type 'null' is not assignable to type '{ open: (room?: string | undefined) => void; close: () => void; send: (username: string, message: string, index: number) => void; reconnect: () => boolean | undefined; AddEventListener: (event: WebsocketEvent, callback: (event: Event) => void) => void; RemoveEventListener: (event: WebsocketEvent, callback: (event: E...'.
126.9 src/views/private/DesplegableChat.vue(219,3): error TS18048: 'chat' is possibly 'undefined'.
126.9 src/views/private/DesplegableChat.vue(230,7): error TS2322: Type 'null' is not assignable to type '{ open: (room?: string | undefined) => void; close: () => void; send: (username: string, message: string, index: number) => void; reconnect: () => boolean | undefined; AddEventListener: (event: WebsocketEvent, callback: (event: Event) => void) => void; RemoveEventListener: (event: WebsocketEvent, callback: (event: E...'.
126.9 src/views/private/DesplegableChat.vue(238,3): error TS18048: 'chat' is possibly 'undefined'.
126.9 src/views/private/DesplegableChat.vue(286,28): error TS2347: Untyped function calls may not accept type arguments.
126.9 src/views/private/DesplegableChat.vue(290,7): error TS2322: Type 'null' is not assignable to type '{ open: (room?: string | undefined) => void; close: () => void; send: (username: string, message: string, index: number) => void; reconnect: () => boolean | undefined; AddEventListener: (event: WebsocketEvent, callback: (event: Event) => void) => void; RemoveEventListener: (event: WebsocketEvent, callback: (event: E...'.
126.9 src/views/private/DesplegableChat.vue(296,33): error TS7006: Parameter 'data' implicitly has an 'any' type.
126.9 src/views/private/DesplegableChat.vue(301,51): error TS7006: Parameter 'friend' implicitly has an 'any' type.
126.9 src/views/private/DesplegableChat.vue(312,27): error TS2552: Cannot find name 'Websocket'. Did you mean 'Socket'?
126.9 src/views/private/DesplegableChat.vue(328,59): error TS2345: Argument of type '(i: Websocket, ev: MessageEvent) => void' is not assignable to parameter of type '(event: Event) => void'.
126.9   Target signature provides too few arguments. Expected 2 or more, but got 1.
126.9 src/views/private/DesplegableChat.vue(7,8): error TS2322: Type 'string' is not assignable to type 'Booleanish | undefined'.
126.9 src/views/private/DesplegableChat.vue(71,31): error TS2345: Argument of type '{ id: number; username: string; isOnline: boolean; is_blocked_by_user: boolean; is_blocked_by_friend: boolean; } | null' is not assignable to parameter of type 'Friend'.
126.9   Type 'null' is not assignable to type 'Friend'.
126.9 src/views/private/DesplegableChat.vue(73,29): error TS7006: Parameter 'message' implicitly has an 'any' type.
126.9 src/views/private/Friends.vue(78,26): error TS7016: Could not find a declaration file for module './eventbus.js'. '/frontend/src/views/private/eventbus.js' implicitly has an 'any' type.
126.9 src/views/private/Friends.vue(131,62): error TS7006: Parameter 'friend' implicitly has an 'any' type.
126.9 src/views/private/NavHome.vue(93,22): error TS2307: Cannot find module '../../services/Api/api' or its corresponding type declarations.
126.9 src/views/private/NavHome.vue(173,48): error TS2339: Property 'data' does not exist on type 'boolean'.
126.9 src/views/private/NavHome.vue(176,36): error TS18046: 'error' is of type 'unknown'.
126.9 src/views/private/NavHome.vue(176,53): error TS18046: 'error' is of type 'unknown'.
126.9 src/views/private/NavHome.vue(176,75): error TS18046: 'error' is of type 'unknown'.
126.9 src/views/private/NavHome.vue(177,32): error TS18046: 'error' is of type 'unknown'.
126.9 src/views/private/NavHome.vue(177,49): error TS18046: 'error' is of type 'unknown'.
126.9 src/views/private/NavHome.vue(177,79): error TS18046: 'error' is of type 'unknown'.
126.9 src/views/private/NavHome.vue(207,50): error TS18046: 'error' is of type 'unknown'.
126.9 src/views/private/NavHome.vue(71,35): error TS2339: Property 'friend' does not exist on type '{ id: number; username: string; }'.
126.9 src/views/private/NavHome.vue(72,36): error TS2339: Property 'friend' does not exist on type '{ id: number; username: string; }'.
126.9 src/views/private/Pong/PongAI.vue(127,5): error TS2739: Type 'Score' is missing the following properties from type 'HelpText': size, loadFont
126.9 src/views/private/Pong/PongAI.vue(265,28): error TS2339: Property 'x' does not exist on type 'boolean'.
126.9 src/views/private/Pong/PongAI.vue(266,7): error TS2322: Type 'number' is not assignable to type 'boolean'.
126.9 src/views/private/Pong/PongAI.vue(268,7): error TS2322: Type 'number' is not assignable to type 'boolean'.
126.9 src/views/private/Pong/Pong2P.vue(256,28): error TS2339: Property 'x' does not exist on type 'boolean'.
126.9 src/views/private/Pong/Pong2P.vue(257,7): error TS2322: Type 'number' is not assignable to type 'boolean'.
126.9 src/views/private/Pong/Pong2P.vue(259,7): error TS2322: Type 'number' is not assignable to type 'boolean'.
126.9 src/views/private/Pong/PongTournament4P.vue(93,3): error TS2322: Type 'number[]' is not assignable to type 'number[][]'.
126.9   Type 'number' is not assignable to type 'number[]'.
126.9 src/views/private/Pong/PongTournament4P.vue(310,28): error TS2339: Property 'x' does not exist on type 'boolean'.
126.9 src/views/private/Pong/PongTournament4P.vue(311,7): error TS2322: Type 'number' is not assignable to type 'boolean'.
126.9 src/views/private/Pong/PongTournament4P.vue(313,7): error TS2322: Type 'number' is not assignable to type 'boolean'.
126.9 src/views/private/Pong/PongTournament4P.vue(360,5): error TS2322: Type 'Timeout' is not assignable to type 'number'.
126.9 src/views/private/Pong/NameInputMenu.vue(130,18): error TS5097: An import path can only end with a '.ts' extension when 'allowImportingTsExtensions' is enabled.
126.9 src/views/private/Pong/NameInputMenu.vue(138,7): error TS2322: Type 'Ref<boolean, boolean>' is not assignable to type 'boolean'.
126.9 src/views/private/Pong/NameInputMenu.vue(182,13): error TS18046: 'response.data' is of type 'unknown'.
126.9 src/views/private/Pong/NameInputMenu.vue(239,22): error TS7006: Parameter 'mode' implicitly has an 'any' type.
126.9 src/views/private/Pong/NameInputMenu.vue(244,24): error TS7006: Parameter 'currentIndex' implicitly has an 'any' type.
126.9 src/views/private/Pong/NameInputMenu.vue(254,40): error TS2551: Property 'value' does not exist on type 'boolean'. Did you mean 'valueOf'?
126.9 src/views/private/Pong/NameInputMenu.vue(258,27): error TS2345: Argument of type '{ player: string; id: number; }' is not assignable to parameter of type 'never'.
126.9 src/views/private/Pong/NameInputMenu.vue(259,21): error TS18048: 'userOne.value' is possibly 'undefined'.
126.9 src/views/private/Pong/NameInputMenu.vue(260,17): error TS18048: 'userOne.value' is possibly 'undefined'.
126.9 src/views/private/Pong/NameInputMenu.vue(262,14): error TS2339: Property 'aiDifficulty' does not exist on type '{ gameMode: string; players: never[]; isAudioEnabled: any; }'.
126.9 src/views/private/Pong/NameInputMenu.vue(264,34): error TS2531: Object is possibly 'null'.
126.9 src/views/private/Pong/NameInputMenu.vue(264,81): error TS2339: Property 'value' does not exist on type 'Element'.
126.9 src/views/private/Pong/NameInputMenu.vue(267,31): error TS2345: Argument of type '{ player: string; id: number; }' is not assignable to parameter of type 'never'.
126.9 src/views/private/Pong/NameInputMenu.vue(268,25): error TS18048: 'userOne.value' is possibly 'undefined'.
126.9 src/views/private/Pong/NameInputMenu.vue(269,21): error TS18048: 'userOne.value' is possibly 'undefined'.
126.9 src/views/private/Pong/NameInputMenu.vue(271,31): error TS2345: Argument of type '{ player: string; id: number; }' is not assignable to parameter of type 'never'.
126.9 src/views/private/Pong/NameInputMenu.vue(279,45): error TS2339: Property 'value' does not exist on type 'Element'.
126.9 src/views/private/Pong/NameInputMenu.vue(282,35): error TS2345: Argument of type '{ player: string; id: number; }' is not assignable to parameter of type 'never'.
126.9 src/views/private/Pong/NameInputMenu.vue(41,28): error TS18048: '__VLS_ctx.userOne' is possibly 'undefined'.
126.9 src/views/private/Pong/NameInputMenu.vue(52,66): error TS18048: '__VLS_ctx.userOne' is possibly 'undefined'.
126.9 src/views/private/Pong/PongIndex.vue(8,18): error TS5097: An import path can only end with a '.ts' extension when 'allowImportingTsExtensions' is enabled.
126.9 src/views/private/Pong/PongIndex.vue(52,23): error TS2339: Property 'pause' does not exist on type 'never'.
126.9 src/views/private/Pong/PongIndex.vue(53,23): error TS2339: Property 'currentTime' does not exist on type 'never'.
126.9 src/views/private/Pong/PongIndex.vue(59,23): error TS2339: Property 'play' does not exist on type 'never'.
126.9 src/views/private/Pong/PongIndex.vue(64,32): error TS7006: Parameter 'data' implicitly has an 'any' type.
126.9 src/views/private/Pong/PongIndex.vue(91,5): error TS2322: Type 'Raw<DefineComponent<__VLS_Props, {}, {}, {}, {}, ComponentOptionsMixin, ComponentOptionsMixin, { gameOver: (...args: any[]) => void; }, ... 11 more ..., any>>' is not assignable to type 'null'.
126.9 src/views/private/Pong/PongIndex.vue(93,5): error TS2322: Type 'Raw<DefineComponent<__VLS_Props, {}, {}, {}, {}, ComponentOptionsMixin, ComponentOptionsMixin, { gameOver: (...args: any[]) => void; }, ... 11 more ..., any>>' is not assignable to type 'null'.
126.9 src/views/private/Pong/PongIndex.vue(95,5): error TS2322: Type 'Raw<DefineComponent<__VLS_Props, {}, {}, {}, {}, ComponentOptionsMixin, ComponentOptionsMixin, { gameOver: (...args: any[]) => void; }, ... 11 more ..., HTMLDivElement>>' is not assignable to type 'null'.
126.9 src/views/private/Pong/PongIndex.vue(130,40): error TS18046: 'msgs' is of type 'unknown'.
126.9 src/views/private/Pong/PongIndex.vue(143,29): error TS7006: Parameter 'tournamentResults' implicitly has an 'any' type.
126.9 src/views/private/Pong/PongIndex.vue(157,37): error TS2454: Variable 'url' is used before being assigned.
126.9 src/views/private/Pong/PongIndex.vue(170,40): error TS18046: 'msgs' is of type 'unknown'.
126.9 src/views/private/Pong/PongIndex.vue(181,37): error TS7006: Parameter 'tournamentResults' implicitly has an 'any' type.
126.9 src/views/private/Pong/PongIndex.vue(201,40): error TS18046: 'msgs' is of type 'unknown'.
126.9 src/views/private/Pong/PongIndex.vue(212,37): error TS7006: Parameter 'tournamentResults' implicitly has an 'any' type.
126.9 src/views/private/Pong/PongIndex.vue(227,40): error TS18046: 'msgs' is of type 'unknown'.
126.9 src/views/private/Pong/PongIndex.vue(238,31): error TS7006: Parameter 'tournamentResults' implicitly has an 'any' type.
126.9 src/views/private/UserList.vue(31,18): error TS5097: An import path can only end with a '.ts' extension when 'allowImportingTsExtensions' is enabled.
126.9 src/views/private/UserList.vue(54,30): error TS2769: No overload matches this call.
126.9   Overload 1 of 2, '(o: ArrayLike<unknown> | { [s: string]: unknown; }): unknown[]', gave the following error.
126.9     Argument of type 'unknown' is not assignable to parameter of type 'ArrayLike<unknown> | { [s: string]: unknown; }'.
126.9   Overload 2 of 2, '(o: {}): any[]', gave the following error.
126.9     Argument of type 'unknown' is not assignable to parameter of type '{}'.
126.9 src/views/private/UserList.vue(55,3): error TS2322: Type 'unknown[]' is not assignable to type 'User[] | { id: number; username: string; nickname: string; email: string; }[]'.
126.9   Type 'unknown[]' is not assignable to type 'User[]'.
126.9     Type 'unknown' is not assignable to type 'User'.
126.9 src/views/private/UserList.vue(55,65): error TS18047: 'user' is possibly 'null'.
126.9 src/views/private/UserList.vue(55,70): error TS2339: Property 'id' does not exist on type 'object'.
126.9 src/views/private/UserList.vue(55,76): error TS18047: 'user' is possibly 'null'.
126.9 src/views/private/UserList.vue(55,81): error TS2339: Property 'username' does not exist on type 'object'.
126.9 src/views/private/UserList.vue(15,50): error TS2339: Property 'status' does not exist on type '{ id: number; username: string; nickname: string; email: string; }'.
126.9 src/views/private/Home.vue(41,18): error TS5097: An import path can only end with a '.ts' extension when 'allowImportingTsExtensions' is enabled.
126.9 src/views/private/Stats.vue(24,18): error TS5097: An import path can only end with a '.ts' extension when 'allowImportingTsExtensions' is enabled.
126.9 src/views/private/Stats.vue(60,5): error TS2322: Type '{ category: string; value: number; image: Ref<string, string>; }' is not assignable to type 'never'.
126.9 src/views/private/Stats.vue(61,5): error TS2322: Type '{ category: string; value: number; image: Ref<string, string>; }' is not assignable to type 'never'.
126.9 src/views/private/Stats.vue(62,5): error TS2322: Type '{ category: string; value: number; image: Ref<string, string>; }' is not assignable to type 'never'.
126.9 src/views/private/Stats.vue(63,5): error TS2322: Type '{ category: string; value: number; image: Ref<string, string>; }' is not assignable to type 'never'.
126.9 src/views/private/Stats.vue(64,5): error TS2322: Type '{ category: string; value: any; image: Ref<string, string>; }' is not assignable to type 'never'.
126.9 src/views/private/Stats.vue(64,66): error TS2339: Property 'time_played' does not exist on type '{ name: string; wins: number; losses: number; total_games: number; avg_score: number; }'.
126.9 src/views/private/Stats.vue(65,5): error TS2322: Type '{ category: string; value: any; image: Ref<string, string>; }' is not assignable to type 'never'.
126.9 src/views/private/Stats.vue(65,54): error TS2339: Property 'hits' does not exist on type '{ name: string; wins: number; losses: number; total_games: number; avg_score: number; }'.
126.9 src/views/private/Stats.vue(85,40): error TS18046: 'msgs' is of type 'unknown'.
126.9 src/views/private/Stats.vue(7,46): error TS2339: Property 'category' does not exist on type 'never'.
126.9 src/views/private/Stats.vue(8,27): error TS2339: Property 'image' does not exist on type 'never'.
126.9 src/views/private/Stats.vue(9,45): error TS2339: Property 'value' does not exist on type 'never'.
126.9 src/views/private/FriendList.vue(67,31): error TS2304: Cannot find name 'Api'.
126.9 src/views/private/Profile.vue(50,18): error TS5097: An import path can only end with a '.ts' extension when 'allowImportingTsExtensions' is enabled.
126.9 src/views/private/Profile.vue(75,5): error TS2322: Type '{ id: any; username: any; email: any; nickname: any; avatarUrl: string; }' is not assignable to type '{ id: number; username: string; email: string; nickname: string; avatarUrl: string; wins: string; losses: string; } | { id: number; username: string; email: string; nickname: string; avatarUrl: string; wins: string; losses: string; }'.
126.9   Type '{ id: any; username: any; email: any; nickname: any; avatarUrl: string; }' is missing the following properties from type '{ id: number; username: string; email: string; nickname: string; avatarUrl: string; wins: string; losses: string; }': wins, losses
126.9 src/views/private/Profile.vue(94,37): error TS2339: Property 'avatar_base64' does not exist on type 'ApiResponse<unknown>'.
126.9 src/views/private/UserProfile.vue(71,26): error TS7016: Could not find a declaration file for module './eventbus.js'. '/frontend/src/views/private/eventbus.js' implicitly has an 'any' type.
126.9 src/views/private/UserProfile.vue(200,52): error TS7006: Parameter 'friend' implicitly has an 'any' type.
126.9 src/views/private/UserProfile.vue(50,85): error TS2345: Argument of type '{ id: string; username: string; nickname: string; email: string; avatar: string; isFriend: boolean; friendRequestSent: boolean; is_blocked: boolean; }' is not assignable to parameter of type 'Friend'.
126.9   Type '{ id: string; username: string; nickname: string; email: string; avatar: string; isFriend: boolean; friendRequestSent: boolean; is_blocked: boolean; }' is missing the following properties from type 'Friend': is_blocked_by_user, is_blocked_by_friend
126.9 src/views/private/UserProfile.vue(58,37): error TS2322: Type 'string' is not assignable to type 'number'.
126.9 src/views/private/UserProfile.vue(61,36): error TS2322: Type 'string' is not assignable to type 'number'.
126.9 src/main.ts(4,17): error TS7016: Could not find a declaration file for module './App.vue'. '/frontend/src/App.vue' implicitly has an 'any' type.
126.9 src/main.ts(10,18): error TS7016: Could not find a declaration file for module 'vue3-beautiful-chat'. '/frontend/node_modules/vue3-beautiful-chat/index.js' implicitly has an 'any' type.
126.9   Try `npm i --save-dev @types/vue3-beautiful-chat` if it exists or add a new declaration (.d.ts) file containing `declare module 'vue3-beautiful-chat';`
------
failed to solve: process "/bin/sh -c npm i && npm run build" did not complete successfully: exit code: 2