 > [frontend 6/6] RUN npm i && npm run build:
54.71 npm warn deprecated resolve-url@0.2.1: https://github.com/lydell/resolve-url#deprecated
54.72 npm warn deprecated source-map-url@0.4.1: See https://github.com/lydell/source-map-url#deprecated
54.76 npm warn deprecated urix@0.1.0: Please see https://github.com/lydell/urix#deprecated
55.65 npm warn deprecated inflight@1.0.6: This module is not supported, and leaks memory. Do not use it. Check out lru-cache if you want a good and tested way to coalesce async requests by a key value, which is much more comprehensive and powerful.
56.57 npm warn deprecated source-map-resolve@0.5.3: See https://github.com/lydell/source-map-resolve#deprecated
59.03 npm warn deprecated rimraf@3.0.2: Rimraf versions prior to v4 are no longer supported
59.29 npm warn deprecated @humanwhocodes/object-schema@2.0.3: Use @eslint/object-schema instead
59.53 npm warn deprecated @humanwhocodes/config-array@0.13.0: Use @eslint/config-array instead
62.71 npm warn deprecated glob@7.2.3: Glob versions prior to v9 are no longer supported
62.91 npm warn deprecated glob@7.2.3: Glob versions prior to v9 are no longer supported
64.82 npm warn deprecated popper.js@1.16.1: You can find the new Popper v2 at @popperjs/core, this package is dedicated to the legacy v1
66.66 npm warn deprecated eslint@8.57.1: This version is no longer supported. Please see https://eslint.org/version-support for other options.
95.04 
95.04 added 817 packages, and audited 818 packages in 2m
95.04 
95.04 148 packages are looking for funding
95.04   run `npm fund` for details
95.05 
95.05 7 vulnerabilities (3 moderate, 2 high, 2 critical)
95.05 
95.05 To address issues that do not require attention, run:
95.05   npm audit fix
95.05 
95.05 Some issues need review, and may require choosing
95.05 a different dependency.
95.05 
95.05 Run `npm audit` for details.
95.49 
95.49 > frontend@0.0.1 build
95.49 > npm run type-check && npm run build-only
95.49 
95.83 
95.83 > frontend@0.0.1 type-check
95.83 > vue-tsc --build --force
95.83 
110.3 src/services/pong/Objects/Text/DashedWall.ts(9,22): error TS2420: Class 'DashedWall' incorrectly implements interface 'ITextObject'.
110.3   Type 'DashedWall' is missing the following properties from type 'ITextObject': name, size, loadFont
110.3 src/services/pong/Objects/Text/DashedWall.ts(22,22): error TS2345: Argument of type 'string' is not assignable to parameter of type 'number'.
110.3 src/services/pong/Objects/Text/Score.ts(9,22): error TS2420: Class 'Score' incorrectly implements interface 'ITextObject'.
110.3   Type 'Score' is missing the following properties from type 'ITextObject': name, size, loadFont
110.3 src/services/pong/Objects/Text/Score.ts(61,9): error TS2365: Operator '>' cannot be applied to types 'number | Promise<number>' and 'number'.
110.3 src/services/pong/Objects/Text/Score.ts(61,26): error TS2365: Operator '<' cannot be applied to types 'number | Promise<number>' and 'number'.
110.3 src/services/pong/Objects/Text/HelpText.ts(9,18): error TS2304: Cannot find name 'Font'.
110.3 src/services/pong/Objects/Text/HelpText.ts(84,10): error TS2416: Property 'updateScore' in type 'HelpText' is not assignable to the same property in base type 'ITextObject'.
110.3   Type '(endingText: string) => void' is not assignable to type '(numScore: number) => void'.
110.3     Types of parameters 'endingText' and 'numScore' are incompatible.
110.3       Type 'number' is not assignable to type 'string'.
110.3 src/services/pong/Objects/Text/GameOver.ts(60,10): error TS2416: Property 'updateScore' in type 'Score' is not assignable to the same property in base type 'ITextObject'.
110.3   Type '(endingText: string) => void' is not assignable to type '(numScore: number) => void'.
110.3     Types of parameters 'endingText' and 'numScore' are incompatible.
110.3       Type 'number' is not assignable to type 'string'.
110.3 src/services/pong/Objects/Wall.ts(10,5): error TS2554: Expected 5 arguments, but got 3.
110.3 src/services/pong/Objects/Utils/Utils.ts(29,35): error TS2304: Cannot find name 'Mesh'.
110.3 src/views/public/Login.vue(55,18): error TS5097: An import path can only end with a '.ts' extension when 'allowImportingTsExtensions' is enabled.
110.3 src/views/public/Login.vue(60,13): error TS2613: Module '"/frontend/src/models/user/userRequest"' has no default export. Did you mean to use 'import { userRequest } from "/frontend/src/models/user/userRequest"' instead?
110.3 src/views/public/Login.vue(61,13): error TS2613: Module '"/frontend/src/models/user/userResponse"' has no default export. Did you mean to use 'import { userResponse } from "/frontend/src/models/user/userResponse"' instead?
110.3 src/views/public/Login.vue(70,13): error TS2304: Cannot find name 'Ref'.
110.3 src/views/public/Login.vue(80,48): error TS2558: Expected 0 type arguments, but got 1.
110.3 src/utils/socket/imp/socket.ts(62,39): error TS2345: Argument of type '(event: Event) => void' is not assignable to parameter of type 'WebsocketEventListener<WebsocketEvent>'.
110.3   Types of parameters 'event' and 'instance' are incompatible.
110.3     Type 'Websocket' is missing the following properties from type 'Event': bubbles, cancelBubble, cancelable, composed, and 18 more.
110.3 src/utils/socket/imp/socket.ts(68,42): error TS2345: Argument of type '(event: Event) => void' is not assignable to parameter of type 'WebsocketEventListener<WebsocketEvent>'.
110.3   Types of parameters 'event' and 'instance' are incompatible.
110.3     Type 'Websocket' is not assignable to type 'Event'.
110.3 src/views/private/DesplegableChat.vue(84,26): error TS7016: Could not find a declaration file for module './eventbus.js'. '/frontend/src/views/private/eventbus.js' implicitly has an 'any' type.
110.3 src/views/private/DesplegableChat.vue(86,16): error TS2665: Invalid module name in augmentation. Module './eventbus.js' resolves to an untyped module at '/frontend/src/views/private/eventbus.js', which cannot be augmented.
110.3 src/views/private/DesplegableChat.vue(175,7): error TS2322: Type 'null' is not assignable to type '{ open: (room?: string | undefined) => void; close: () => void; send: (username: string, message: string, index: number) => void; reconnect: () => boolean | undefined; AddEventListener: (event: WebsocketEvent, callback: (event: Event) => void) => void; RemoveEventListener: (event: WebsocketEvent, callback: (event: E...'.
110.3 src/views/private/DesplegableChat.vue(182,57): error TS2367: This comparison appears to be unintentional because the types 'number' and 'string' have no overlap.
110.3 src/views/private/DesplegableChat.vue(190,24): error TS2345: Argument of type '{ open: (room?: string | undefined) => void; close: () => void; send: (username: string, message: string, index: number) => void; reconnect: () => boolean | undefined; AddEventListener: (event: WebsocketEvent, callback: (event: Event) => void) => void; RemoveEventListener: (event: WebsocketEvent, callback: (event: E...' is not assignable to parameter of type 'Socket'.
110.3   Type '{ open: (room?: string | undefined) => void; close: () => void; send: (username: string, message: string, index: number) => void; reconnect: () => boolean | undefined; AddEventListener: (event: WebsocketEvent, callback: (event: Event) => void) => void; RemoveEventListener: (event: WebsocketEvent, callback: (event: E...' is missing the following properties from type 'Socket': ws, url, room, onOpen, and 2 more.
110.3 src/views/private/DesplegableChat.vue(204,28): error TS2345: Argument of type '{ id: string; friend: Friend; messages: never[]; isOpen: boolean; newMessagesCount: number; socket: Socket; }' is not assignable to parameter of type '{ id: number; friend: { id: number; username: string; isOnline: boolean; is_blocked_by_user: boolean; is_blocked_by_friend: boolean; }; messages: { type: string; author: string; data: { text: string; }; }[]; isOpen: boolean; newMessagesCount: number; socket?: { ...; } | undefined; }'.
110.3   Types of property 'id' are incompatible.
110.3     Type 'string' is not assignable to type 'number'.
110.3 src/views/private/DesplegableChat.vue(214,3): error TS18048: 'chat' is possibly 'undefined'.
110.3 src/views/private/DesplegableChat.vue(215,7): error TS18048: 'chat' is possibly 'undefined'.
110.3 src/views/private/DesplegableChat.vue(216,3): error TS18048: 'chat' is possibly 'undefined'.
110.3 src/views/private/DesplegableChat.vue(217,3): error TS18048: 'chat' is possibly 'undefined'.
110.3 src/views/private/DesplegableChat.vue(217,3): error TS2322: Type 'null' is not assignable to type '{ open: (room?: string | undefined) => void; close: () => void; send: (username: string, message: string, index: number) => void; reconnect: () => boolean | undefined; AddEventListener: (event: WebsocketEvent, callback: (event: Event) => void) => void; RemoveEventListener: (event: WebsocketEvent, callback: (event: E...'.
110.3 src/views/private/DesplegableChat.vue(219,3): error TS18048: 'chat' is possibly 'undefined'.
110.3 src/views/private/DesplegableChat.vue(230,7): error TS2322: Type 'null' is not assignable to type '{ open: (room?: string | undefined) => void; close: () => void; send: (username: string, message: string, index: number) => void; reconnect: () => boolean | undefined; AddEventListener: (event: WebsocketEvent, callback: (event: Event) => void) => void; RemoveEventListener: (event: WebsocketEvent, callback: (event: E...'.
110.3 src/views/private/DesplegableChat.vue(238,3): error TS18048: 'chat' is possibly 'undefined'.
110.3 src/views/private/DesplegableChat.vue(286,28): error TS2347: Untyped function calls may not accept type arguments.
110.3 src/views/private/DesplegableChat.vue(290,7): error TS2322: Type 'null' is not assignable to type '{ open: (room?: string | undefined) => void; close: () => void; send: (username: string, message: string, index: number) => void; reconnect: () => boolean | undefined; AddEventListener: (event: WebsocketEvent, callback: (event: Event) => void) => void; RemoveEventListener: (event: WebsocketEvent, callback: (event: E...'.
110.3 src/views/private/DesplegableChat.vue(296,33): error TS7006: Parameter 'data' implicitly has an 'any' type.
110.3 src/views/private/DesplegableChat.vue(301,51): error TS7006: Parameter 'friend' implicitly has an 'any' type.
110.3 src/views/private/DesplegableChat.vue(312,27): error TS2552: Cannot find name 'Websocket'. Did you mean 'Socket'?
110.3 src/views/private/DesplegableChat.vue(328,59): error TS2345: Argument of type '(i: Websocket, ev: MessageEvent) => void' is not assignable to parameter of type '(event: Event) => void'.
110.3   Target signature provides too few arguments. Expected 2 or more, but got 1.
110.3 src/views/private/DesplegableChat.vue(7,8): error TS2322: Type 'string' is not assignable to type 'Booleanish | undefined'.
110.3 src/views/private/DesplegableChat.vue(71,31): error TS2345: Argument of type '{ id: number; username: string; isOnline: boolean; is_blocked_by_user: boolean; is_blocked_by_friend: boolean; } | null' is not assignable to parameter of type 'Friend'.
110.3   Type 'null' is not assignable to type 'Friend'.
110.3 src/views/private/DesplegableChat.vue(73,29): error TS7006: Parameter 'message' implicitly has an 'any' type.
110.3 src/views/private/NavHome.vue(93,22): error TS2307: Cannot find module '../../services/Api/api' or its corresponding type declarations.
110.3 src/views/private/Pong/PongAI.vue(129,5): error TS2739: Type 'Score' is missing the following properties from type 'HelpText': size, loadFont
110.3 src/views/private/Pong/PongAI.vue(267,28): error TS2339: Property 'x' does not exist on type 'boolean'.
110.3 src/views/private/Pong/PongAI.vue(268,7): error TS2322: Type 'number' is not assignable to type 'boolean'.
110.3 src/views/private/Pong/PongAI.vue(270,7): error TS2322: Type 'number' is not assignable to type 'boolean'.
110.3 src/views/private/Pong/Pong2P.vue(256,28): error TS2339: Property 'x' does not exist on type 'boolean'.
110.3 src/views/private/Pong/Pong2P.vue(257,7): error TS2322: Type 'number' is not assignable to type 'boolean'.
110.3 src/views/private/Pong/Pong2P.vue(259,7): error TS2322: Type 'number' is not assignable to type 'boolean'.
110.3 src/views/private/Pong/PongTournament4P.vue(93,3): error TS2322: Type 'number[]' is not assignable to type 'number[][]'.
110.3   Type 'number' is not assignable to type 'number[]'.
110.3 src/views/private/Pong/PongTournament4P.vue(310,28): error TS2339: Property 'x' does not exist on type 'boolean'.
110.3 src/views/private/Pong/PongTournament4P.vue(311,7): error TS2322: Type 'number' is not assignable to type 'boolean'.
110.3 src/views/private/Pong/PongTournament4P.vue(313,7): error TS2322: Type 'number' is not assignable to type 'boolean'.
110.3 src/views/private/Pong/NameInputMenu.vue(130,18): error TS5097: An import path can only end with a '.ts' extension when 'allowImportingTsExtensions' is enabled.
110.3 src/views/private/Pong/NameInputMenu.vue(138,7): error TS2322: Type 'Ref<boolean, boolean>' is not assignable to type 'boolean'.
110.3 src/views/private/Pong/NameInputMenu.vue(182,13): error TS18046: 'response.data' is of type 'unknown'.
110.3 src/views/private/Pong/NameInputMenu.vue(239,22): error TS7006: Parameter 'mode' implicitly has an 'any' type.
110.3 src/views/private/Pong/NameInputMenu.vue(244,24): error TS7006: Parameter 'currentIndex' implicitly has an 'any' type.
110.3 src/views/private/Pong/NameInputMenu.vue(254,40): error TS2551: Property 'value' does not exist on type 'boolean'. Did you mean 'valueOf'?
110.3 src/views/private/Pong/NameInputMenu.vue(258,27): error TS2345: Argument of type '{ player: string; id: number; }' is not assignable to parameter of type 'never'.
110.3 src/views/private/Pong/NameInputMenu.vue(259,21): error TS18048: 'userOne.value' is possibly 'undefined'.
110.3 src/views/private/Pong/NameInputMenu.vue(260,17): error TS18048: 'userOne.value' is possibly 'undefined'.
110.3 src/views/private/Pong/NameInputMenu.vue(262,14): error TS2339: Property 'aiDifficulty' does not exist on type '{ gameMode: string; players: never[]; isAudioEnabled: any; }'.
110.3 src/views/private/Pong/NameInputMenu.vue(264,34): error TS2531: Object is possibly 'null'.
110.3 src/views/private/Pong/NameInputMenu.vue(264,81): error TS2339: Property 'value' does not exist on type 'Element'.
110.3 src/views/private/Pong/NameInputMenu.vue(267,31): error TS2345: Argument of type '{ player: string; id: number; }' is not assignable to parameter of type 'never'.
110.3 src/views/private/Pong/NameInputMenu.vue(268,25): error TS18048: 'userOne.value' is possibly 'undefined'.
110.3 src/views/private/Pong/NameInputMenu.vue(269,21): error TS18048: 'userOne.value' is possibly 'undefined'.
110.3 src/views/private/Pong/NameInputMenu.vue(271,31): error TS2345: Argument of type '{ player: string; id: number; }' is not assignable to parameter of type 'never'.
110.3 src/views/private/Pong/NameInputMenu.vue(279,45): error TS2339: Property 'value' does not exist on type 'Element'.
110.3 src/views/private/Pong/NameInputMenu.vue(282,35): error TS2345: Argument of type '{ player: string; id: number; }' is not assignable to parameter of type 'never'.
110.3 src/views/private/Pong/NameInputMenu.vue(41,28): error TS18048: '__VLS_ctx.userOne' is possibly 'undefined'.
110.3 src/views/private/Pong/NameInputMenu.vue(52,66): error TS18048: '__VLS_ctx.userOne' is possibly 'undefined'.
110.3 src/views/private/Pong/PongIndex.vue(8,18): error TS5097: An import path can only end with a '.ts' extension when 'allowImportingTsExtensions' is enabled.
110.3 src/views/private/Pong/PongIndex.vue(52,23): error TS2339: Property 'pause' does not exist on type 'never'.
110.3 src/views/private/Pong/PongIndex.vue(53,23): error TS2339: Property 'currentTime' does not exist on type 'never'.
110.3 src/views/private/Pong/PongIndex.vue(59,23): error TS2339: Property 'play' does not exist on type 'never'.
110.3 src/views/private/Pong/PongIndex.vue(64,32): error TS7006: Parameter 'data' implicitly has an 'any' type.
110.3 src/views/private/Pong/PongIndex.vue(91,5): error TS2322: Type 'Raw<DefineComponent<__VLS_Props, {}, {}, {}, {}, ComponentOptionsMixin, ComponentOptionsMixin, { gameOver: (...args: any[]) => void; }, ... 11 more ..., any>>' is not assignable to type 'null'.
110.3 src/views/private/Pong/PongIndex.vue(93,5): error TS2322: Type 'Raw<DefineComponent<__VLS_Props, {}, {}, {}, {}, ComponentOptionsMixin, ComponentOptionsMixin, { gameOver: (...args: any[]) => void; }, ... 11 more ..., any>>' is not assignable to type 'null'.
110.3 src/views/private/Pong/PongIndex.vue(95,5): error TS2322: Type 'Raw<DefineComponent<__VLS_Props, {}, {}, {}, {}, ComponentOptionsMixin, ComponentOptionsMixin, { gameOver: (...args: any[]) => void; }, ... 11 more ..., HTMLDivElement>>' is not assignable to type 'null'.
110.3 src/views/private/Pong/PongIndex.vue(130,40): error TS18046: 'msgs' is of type 'unknown'.
110.3 src/views/private/Pong/PongIndex.vue(143,29): error TS7006: Parameter 'tournamentResults' implicitly has an 'any' type.
110.3 src/views/private/Pong/PongIndex.vue(157,37): error TS2454: Variable 'url' is used before being assigned.
110.3 src/views/private/Pong/PongIndex.vue(170,40): error TS18046: 'msgs' is of type 'unknown'.
110.3 src/views/private/Pong/PongIndex.vue(181,37): error TS7006: Parameter 'tournamentResults' implicitly has an 'any' type.
110.3 src/views/private/Pong/PongIndex.vue(201,40): error TS18046: 'msgs' is of type 'unknown'.
110.3 src/views/private/Pong/PongIndex.vue(212,37): error TS7006: Parameter 'tournamentResults' implicitly has an 'any' type.
110.3 src/views/private/Pong/PongIndex.vue(227,40): error TS18046: 'msgs' is of type 'unknown'.
110.3 src/views/private/Pong/PongIndex.vue(238,31): error TS7006: Parameter 'tournamentResults' implicitly has an 'any' type.
110.3 src/views/private/UserList.vue(31,18): error TS5097: An import path can only end with a '.ts' extension when 'allowImportingTsExtensions' is enabled.
110.3 src/views/private/UserList.vue(54,30): error TS2769: No overload matches this call.
110.3   Overload 1 of 2, '(o: ArrayLike<unknown> | { [s: string]: unknown; }): unknown[]', gave the following error.
110.3     Argument of type 'unknown' is not assignable to parameter of type 'ArrayLike<unknown> | { [s: string]: unknown; }'.
110.3   Overload 2 of 2, '(o: {}): any[]', gave the following error.
110.3     Argument of type 'unknown' is not assignable to parameter of type '{}'.
110.3 src/views/private/UserList.vue(55,3): error TS2322: Type 'unknown[]' is not assignable to type 'User[] | { id: number; username: string; nickname: string; email: string; }[]'.
110.3   Type 'unknown[]' is not assignable to type 'User[]'.
110.3     Type 'unknown' is not assignable to type 'User'.
110.3 src/views/private/UserList.vue(55,65): error TS18047: 'user' is possibly 'null'.
110.3 src/views/private/UserList.vue(55,70): error TS2339: Property 'id' does not exist on type 'object'.
110.3 src/views/private/UserList.vue(55,76): error TS18047: 'user' is possibly 'null'.
110.3 src/views/private/UserList.vue(55,81): error TS2339: Property 'username' does not exist on type 'object'.
110.3 src/views/private/UserList.vue(15,50): error TS2339: Property 'status' does not exist on type '{ id: number; username: string; nickname: string; email: string; }'.
110.3 src/views/private/FriendList.vue(67,31): error TS2304: Cannot find name 'Api'.
110.3 src/views/private/Profile.vue(75,5): error TS2322: Type '{ id: number; username: any; email: any; nickname: any; avatarUrl: string; }' is not assignable to type '{ id: number; username: string; email: string; nickname: string; avatarUrl: string; wins: string; losses: string; } | { id: number; username: string; email: string; nickname: string; avatarUrl: string; wins: string; losses: string; }'.
110.3   Type '{ id: number; username: any; email: any; nickname: any; avatarUrl: string; }' is missing the following properties from type '{ id: number; username: string; email: string; nickname: string; avatarUrl: string; wins: string; losses: string; }': wins, losses
110.3 src/views/private/Friends.vue(78,26): error TS7016: Could not find a declaration file for module './eventbus.js'. '/frontend/src/views/private/eventbus.js' implicitly has an 'any' type.
110.3 src/views/private/Friends.vue(131,62): error TS7006: Parameter 'friend' implicitly has an 'any' type.
110.3 src/views/private/UserProfile.vue(71,26): error TS7016: Could not find a declaration file for module './eventbus.js'. '/frontend/src/views/private/eventbus.js' implicitly has an 'any' type.
110.3 src/views/private/UserProfile.vue(200,52): error TS7006: Parameter 'friend' implicitly has an 'any' type.
110.3 src/views/private/UserProfile.vue(50,85): error TS2345: Argument of type '{ id: string; username: string; nickname: string; email: string; avatar: string; isFriend: boolean; friendRequestSent: boolean; is_blocked: boolean; }' is not assignable to parameter of type 'Friend'.
110.3   Type '{ id: string; username: string; nickname: string; email: string; avatar: string; isFriend: boolean; friendRequestSent: boolean; is_blocked: boolean; }' is missing the following properties from type 'Friend': is_blocked_by_user, is_blocked_by_friend
110.3 src/views/private/UserProfile.vue(58,37): error TS2322: Type 'string' is not assignable to type 'number'.
110.3 src/views/private/UserProfile.vue(61,36): error TS2322: Type 'string' is not assignable to type 'number'.
110.3 src/main.ts(4,17): error TS7016: Could not find a declaration file for module './App.vue'. '/frontend/src/App.vue' implicitly has an 'any' type.
110.3 src/main.ts(10,18): error TS7016: Could not find a declaration file for module 'vue3-beautiful-chat'. '/frontend/node_modules/vue3-beautiful-chat/index.js' implicitly has an 'any' type.
110.3   Try `npm i --save-dev @types/vue3-beautiful-chat` if it exists or add a new declaration (.d.ts) file containing `declare module 'vue3-beautiful-chat';`
116.0 src/services/pong/Objects/Text/DashedWall.ts(9,22): error TS2420: Class 'DashedWall' incorrectly implements interface 'ITextObject'.
116.0   Type 'DashedWall' is missing the following properties from type 'ITextObject': name, size, loadFont
116.0 src/services/pong/Objects/Text/DashedWall.ts(22,22): error TS2345: Argument of type 'string' is not assignable to parameter of type 'number'.
116.0 src/services/pong/Objects/Text/Score.ts(9,22): error TS2420: Class 'Score' incorrectly implements interface 'ITextObject'.
116.0   Type 'Score' is missing the following properties from type 'ITextObject': name, size, loadFont
116.0 src/services/pong/Objects/Text/Score.ts(61,9): error TS2365: Operator '>' cannot be applied to types 'number | Promise<number>' and 'number'.
116.0 src/services/pong/Objects/Text/Score.ts(61,26): error TS2365: Operator '<' cannot be applied to types 'number | Promise<number>' and 'number'.
116.0 src/services/pong/Objects/Text/HelpText.ts(9,18): error TS2304: Cannot find name 'Font'.
116.0 src/services/pong/Objects/Text/HelpText.ts(84,10): error TS2416: Property 'updateScore' in type 'HelpText' is not assignable to the same property in base type 'ITextObject'.
116.0   Type '(endingText: string) => void' is not assignable to type '(numScore: number) => void'.
116.0     Types of parameters 'endingText' and 'numScore' are incompatible.
116.0       Type 'number' is not assignable to type 'string'.
116.0 src/services/pong/Objects/Text/GameOver.ts(60,10): error TS2416: Property 'updateScore' in type 'Score' is not assignable to the same property in base type 'ITextObject'.
116.0   Type '(endingText: string) => void' is not assignable to type '(numScore: number) => void'.
116.0     Types of parameters 'endingText' and 'numScore' are incompatible.
116.0       Type 'number' is not assignable to type 'string'.
116.0 src/services/pong/Objects/Wall.ts(10,5): error TS2554: Expected 5 arguments, but got 3.
116.0 src/services/pong/Objects/Utils/Utils.ts(29,35): error TS2304: Cannot find name 'Mesh'.
116.0 src/views/public/Login.vue(55,18): error TS5097: An import path can only end with a '.ts' extension when 'allowImportingTsExtensions' is enabled.
116.0 src/views/public/Login.vue(60,13): error TS2613: Module '"/frontend/src/models/user/userRequest"' has no default export. Did you mean to use 'import { userRequest } from "/frontend/src/models/user/userRequest"' instead?
116.0 src/views/public/Login.vue(61,13): error TS2613: Module '"/frontend/src/models/user/userResponse"' has no default export. Did you mean to use 'import { userResponse } from "/frontend/src/models/user/userResponse"' instead?
116.0 src/views/public/Login.vue(70,13): error TS2304: Cannot find name 'Ref'.
116.0 src/views/public/Login.vue(80,48): error TS2558: Expected 0 type arguments, but got 1.
116.0 src/utils/socket/imp/socket.ts(62,39): error TS2345: Argument of type '(event: Event) => void' is not assignable to parameter of type 'WebsocketEventListener<WebsocketEvent>'.
116.0   Types of parameters 'event' and 'instance' are incompatible.
116.0     Type 'Websocket' is missing the following properties from type 'Event': bubbles, cancelBubble, cancelable, composed, and 18 more.
116.0 src/utils/socket/imp/socket.ts(68,42): error TS2345: Argument of type '(event: Event) => void' is not assignable to parameter of type 'WebsocketEventListener<WebsocketEvent>'.
116.0   Types of parameters 'event' and 'instance' are incompatible.
116.0     Type 'Websocket' is not assignable to type 'Event'.
116.0 src/views/private/DesplegableChat.vue(84,26): error TS7016: Could not find a declaration file for module './eventbus.js'. '/frontend/src/views/private/eventbus.js' implicitly has an 'any' type.
116.0 src/views/private/DesplegableChat.vue(86,16): error TS2665: Invalid module name in augmentation. Module './eventbus.js' resolves to an untyped module at '/frontend/src/views/private/eventbus.js', which cannot be augmented.
116.0 src/views/private/DesplegableChat.vue(175,7): error TS2322: Type 'null' is not assignable to type '{ open: (room?: string | undefined) => void; close: () => void; send: (username: string, message: string, index: number) => void; reconnect: () => boolean | undefined; AddEventListener: (event: WebsocketEvent, callback: (event: Event) => void) => void; RemoveEventListener: (event: WebsocketEvent, callback: (event: E...'.
116.0 src/views/private/DesplegableChat.vue(182,57): error TS2367: This comparison appears to be unintentional because the types 'number' and 'string' have no overlap.
116.0 src/views/private/DesplegableChat.vue(190,24): error TS2345: Argument of type '{ open: (room?: string | undefined) => void; close: () => void; send: (username: string, message: string, index: number) => void; reconnect: () => boolean | undefined; AddEventListener: (event: WebsocketEvent, callback: (event: Event) => void) => void; RemoveEventListener: (event: WebsocketEvent, callback: (event: E...' is not assignable to parameter of type 'Socket'.
116.0   Type '{ open: (room?: string | undefined) => void; close: () => void; send: (username: string, message: string, index: number) => void; reconnect: () => boolean | undefined; AddEventListener: (event: WebsocketEvent, callback: (event: Event) => void) => void; RemoveEventListener: (event: WebsocketEvent, callback: (event: E...' is missing the following properties from type 'Socket': ws, url, room, onOpen, and 2 more.
116.0 src/views/private/DesplegableChat.vue(204,28): error TS2345: Argument of type '{ id: string; friend: Friend; messages: never[]; isOpen: boolean; newMessagesCount: number; socket: Socket; }' is not assignable to parameter of type '{ id: number; friend: { id: number; username: string; isOnline: boolean; is_blocked_by_user: boolean; is_blocked_by_friend: boolean; }; messages: { type: string; author: string; data: { text: string; }; }[]; isOpen: boolean; newMessagesCount: number; socket?: { ...; } | undefined; }'.
116.0   Types of property 'id' are incompatible.
116.0     Type 'string' is not assignable to type 'number'.
116.0 src/views/private/DesplegableChat.vue(214,3): error TS18048: 'chat' is possibly 'undefined'.
116.0 src/views/private/DesplegableChat.vue(215,7): error TS18048: 'chat' is possibly 'undefined'.
116.0 src/views/private/DesplegableChat.vue(216,3): error TS18048: 'chat' is possibly 'undefined'.
116.0 src/views/private/DesplegableChat.vue(217,3): error TS18048: 'chat' is possibly 'undefined'.
116.0 src/views/private/DesplegableChat.vue(217,3): error TS2322: Type 'null' is not assignable to type '{ open: (room?: string | undefined) => void; close: () => void; send: (username: string, message: string, index: number) => void; reconnect: () => boolean | undefined; AddEventListener: (event: WebsocketEvent, callback: (event: Event) => void) => void; RemoveEventListener: (event: WebsocketEvent, callback: (event: E...'.
116.0 src/views/private/DesplegableChat.vue(219,3): error TS18048: 'chat' is possibly 'undefined'.
116.0 src/views/private/DesplegableChat.vue(230,7): error TS2322: Type 'null' is not assignable to type '{ open: (room?: string | undefined) => void; close: () => void; send: (username: string, message: string, index: number) => void; reconnect: () => boolean | undefined; AddEventListener: (event: WebsocketEvent, callback: (event: Event) => void) => void; RemoveEventListener: (event: WebsocketEvent, callback: (event: E...'.
116.0 src/views/private/DesplegableChat.vue(238,3): error TS18048: 'chat' is possibly 'undefined'.
116.0 src/views/private/DesplegableChat.vue(286,28): error TS2347: Untyped function calls may not accept type arguments.
116.0 src/views/private/DesplegableChat.vue(290,7): error TS2322: Type 'null' is not assignable to type '{ open: (room?: string | undefined) => void; close: () => void; send: (username: string, message: string, index: number) => void; reconnect: () => boolean | undefined; AddEventListener: (event: WebsocketEvent, callback: (event: Event) => void) => void; RemoveEventListener: (event: WebsocketEvent, callback: (event: E...'.
116.0 src/views/private/DesplegableChat.vue(296,33): error TS7006: Parameter 'data' implicitly has an 'any' type.
116.0 src/views/private/DesplegableChat.vue(301,51): error TS7006: Parameter 'friend' implicitly has an 'any' type.
116.0 src/views/private/DesplegableChat.vue(312,27): error TS2552: Cannot find name 'Websocket'. Did you mean 'Socket'?
116.0 src/views/private/DesplegableChat.vue(328,59): error TS2345: Argument of type '(i: Websocket, ev: MessageEvent) => void' is not assignable to parameter of type '(event: Event) => void'.
116.0   Target signature provides too few arguments. Expected 2 or more, but got 1.
116.0 src/views/private/DesplegableChat.vue(7,8): error TS2322: Type 'string' is not assignable to type 'Booleanish | undefined'.
116.0 src/views/private/DesplegableChat.vue(71,31): error TS2345: Argument of type '{ id: number; username: string; isOnline: boolean; is_blocked_by_user: boolean; is_blocked_by_friend: boolean; } | null' is not assignable to parameter of type 'Friend'.
116.0   Type 'null' is not assignable to type 'Friend'.
116.0 src/views/private/DesplegableChat.vue(73,29): error TS7006: Parameter 'message' implicitly has an 'any' type.
116.0 src/views/private/NavHome.vue(93,22): error TS2307: Cannot find module '../../services/Api/api' or its corresponding type declarations.
116.0 src/views/private/Pong/PongAI.vue(129,5): error TS2739: Type 'Score' is missing the following properties from type 'HelpText': size, loadFont
116.0 src/views/private/Pong/PongAI.vue(267,28): error TS2339: Property 'x' does not exist on type 'boolean'.
116.0 src/views/private/Pong/PongAI.vue(268,7): error TS2322: Type 'number' is not assignable to type 'boolean'.
116.0 src/views/private/Pong/PongAI.vue(270,7): error TS2322: Type 'number' is not assignable to type 'boolean'.
116.0 src/views/private/Pong/Pong2P.vue(256,28): error TS2339: Property 'x' does not exist on type 'boolean'.
116.0 src/views/private/Pong/Pong2P.vue(257,7): error TS2322: Type 'number' is not assignable to type 'boolean'.
116.0 src/views/private/Pong/Pong2P.vue(259,7): error TS2322: Type 'number' is not assignable to type 'boolean'.
116.0 src/views/private/Pong/PongTournament4P.vue(93,3): error TS2322: Type 'number[]' is not assignable to type 'number[][]'.
116.0   Type 'number' is not assignable to type 'number[]'.
116.0 src/views/private/Pong/PongTournament4P.vue(310,28): error TS2339: Property 'x' does not exist on type 'boolean'.
116.0 src/views/private/Pong/PongTournament4P.vue(311,7): error TS2322: Type 'number' is not assignable to type 'boolean'.
116.0 src/views/private/Pong/PongTournament4P.vue(313,7): error TS2322: Type 'number' is not assignable to type 'boolean'.
116.0 src/views/private/Pong/PongTournament4P.vue(360,5): error TS2322: Type 'Timeout' is not assignable to type 'number'.
116.0 src/views/private/Pong/NameInputMenu.vue(130,18): error TS5097: An import path can only end with a '.ts' extension when 'allowImportingTsExtensions' is enabled.
116.0 src/views/private/Pong/NameInputMenu.vue(138,7): error TS2322: Type 'Ref<boolean, boolean>' is not assignable to type 'boolean'.
116.0 src/views/private/Pong/NameInputMenu.vue(182,13): error TS18046: 'response.data' is of type 'unknown'.
116.0 src/views/private/Pong/NameInputMenu.vue(239,22): error TS7006: Parameter 'mode' implicitly has an 'any' type.
116.0 src/views/private/Pong/NameInputMenu.vue(244,24): error TS7006: Parameter 'currentIndex' implicitly has an 'any' type.
116.0 src/views/private/Pong/NameInputMenu.vue(254,40): error TS2551: Property 'value' does not exist on type 'boolean'. Did you mean 'valueOf'?
116.0 src/views/private/Pong/NameInputMenu.vue(258,27): error TS2345: Argument of type '{ player: string; id: number; }' is not assignable to parameter of type 'never'.
116.0 src/views/private/Pong/NameInputMenu.vue(259,21): error TS18048: 'userOne.value' is possibly 'undefined'.
116.0 src/views/private/Pong/NameInputMenu.vue(260,17): error TS18048: 'userOne.value' is possibly 'undefined'.
116.0 src/views/private/Pong/NameInputMenu.vue(262,14): error TS2339: Property 'aiDifficulty' does not exist on type '{ gameMode: string; players: never[]; isAudioEnabled: any; }'.
116.0 src/views/private/Pong/NameInputMenu.vue(264,34): error TS2531: Object is possibly 'null'.
116.0 src/views/private/Pong/NameInputMenu.vue(264,81): error TS2339: Property 'value' does not exist on type 'Element'.
116.0 src/views/private/Pong/NameInputMenu.vue(267,31): error TS2345: Argument of type '{ player: string; id: number; }' is not assignable to parameter of type 'never'.
116.0 src/views/private/Pong/NameInputMenu.vue(268,25): error TS18048: 'userOne.value' is possibly 'undefined'.
116.0 src/views/private/Pong/NameInputMenu.vue(269,21): error TS18048: 'userOne.value' is possibly 'undefined'.
116.0 src/views/private/Pong/NameInputMenu.vue(271,31): error TS2345: Argument of type '{ player: string; id: number; }' is not assignable to parameter of type 'never'.
116.0 src/views/private/Pong/NameInputMenu.vue(279,45): error TS2339: Property 'value' does not exist on type 'Element'.
116.0 src/views/private/Pong/NameInputMenu.vue(282,35): error TS2345: Argument of type '{ player: string; id: number; }' is not assignable to parameter of type 'never'.
116.0 src/views/private/Pong/NameInputMenu.vue(41,28): error TS18048: '__VLS_ctx.userOne' is possibly 'undefined'.
116.0 src/views/private/Pong/NameInputMenu.vue(52,66): error TS18048: '__VLS_ctx.userOne' is possibly 'undefined'.
116.0 src/views/private/Pong/PongIndex.vue(8,18): error TS5097: An import path can only end with a '.ts' extension when 'allowImportingTsExtensions' is enabled.
116.0 src/views/private/Pong/PongIndex.vue(52,23): error TS2339: Property 'pause' does not exist on type 'never'.
116.0 src/views/private/Pong/PongIndex.vue(53,23): error TS2339: Property 'currentTime' does not exist on type 'never'.
116.0 src/views/private/Pong/PongIndex.vue(59,23): error TS2339: Property 'play' does not exist on type 'never'.
116.0 src/views/private/Pong/PongIndex.vue(64,32): error TS7006: Parameter 'data' implicitly has an 'any' type.
116.0 src/views/private/Pong/PongIndex.vue(91,5): error TS2322: Type 'Raw<DefineComponent<__VLS_Props, {}, {}, {}, {}, ComponentOptionsMixin, ComponentOptionsMixin, { gameOver: (...args: any[]) => void; }, ... 11 more ..., any>>' is not assignable to type 'null'.
116.0 src/views/private/Pong/PongIndex.vue(93,5): error TS2322: Type 'Raw<DefineComponent<__VLS_Props, {}, {}, {}, {}, ComponentOptionsMixin, ComponentOptionsMixin, { gameOver: (...args: any[]) => void; }, ... 11 more ..., any>>' is not assignable to type 'null'.
116.0 src/views/private/Pong/PongIndex.vue(95,5): error TS2322: Type 'Raw<DefineComponent<__VLS_Props, {}, {}, {}, {}, ComponentOptionsMixin, ComponentOptionsMixin, { gameOver: (...args: any[]) => void; }, ... 11 more ..., HTMLDivElement>>' is not assignable to type 'null'.
116.0 src/views/private/Pong/PongIndex.vue(130,40): error TS18046: 'msgs' is of type 'unknown'.
116.0 src/views/private/Pong/PongIndex.vue(143,29): error TS7006: Parameter 'tournamentResults' implicitly has an 'any' type.
116.0 src/views/private/Pong/PongIndex.vue(157,37): error TS2454: Variable 'url' is used before being assigned.
116.0 src/views/private/Pong/PongIndex.vue(170,40): error TS18046: 'msgs' is of type 'unknown'.
116.0 src/views/private/Pong/PongIndex.vue(181,37): error TS7006: Parameter 'tournamentResults' implicitly has an 'any' type.
116.0 src/views/private/Pong/PongIndex.vue(201,40): error TS18046: 'msgs' is of type 'unknown'.
116.0 src/views/private/Pong/PongIndex.vue(212,37): error TS7006: Parameter 'tournamentResults' implicitly has an 'any' type.
116.0 src/views/private/Pong/PongIndex.vue(227,40): error TS18046: 'msgs' is of type 'unknown'.
116.0 src/views/private/Pong/PongIndex.vue(238,31): error TS7006: Parameter 'tournamentResults' implicitly has an 'any' type.
116.0 src/views/private/UserList.vue(31,18): error TS5097: An import path can only end with a '.ts' extension when 'allowImportingTsExtensions' is enabled.
116.0 src/views/private/UserList.vue(54,30): error TS2769: No overload matches this call.
116.0   Overload 1 of 2, '(o: ArrayLike<unknown> | { [s: string]: unknown; }): unknown[]', gave the following error.
116.0     Argument of type 'unknown' is not assignable to parameter of type 'ArrayLike<unknown> | { [s: string]: unknown; }'.
116.0   Overload 2 of 2, '(o: {}): any[]', gave the following error.
116.0     Argument of type 'unknown' is not assignable to parameter of type '{}'.
116.0 src/views/private/UserList.vue(55,3): error TS2322: Type 'unknown[]' is not assignable to type 'User[] | { id: number; username: string; nickname: string; email: string; }[]'.
116.0   Type 'unknown[]' is not assignable to type 'User[]'.
116.0     Type 'unknown' is not assignable to type 'User'.
116.0 src/views/private/UserList.vue(55,65): error TS18047: 'user' is possibly 'null'.
116.0 src/views/private/UserList.vue(55,70): error TS2339: Property 'id' does not exist on type 'object'.
116.0 src/views/private/UserList.vue(55,76): error TS18047: 'user' is possibly 'null'.
116.0 src/views/private/UserList.vue(55,81): error TS2339: Property 'username' does not exist on type 'object'.
116.0 src/views/private/UserList.vue(15,50): error TS2339: Property 'status' does not exist on type '{ id: number; username: string; nickname: string; email: string; }'.
116.0 src/views/private/FriendList.vue(67,31): error TS2304: Cannot find name 'Api'.
116.0 src/views/private/Profile.vue(75,5): error TS2322: Type '{ id: number; username: any; email: any; nickname: any; avatarUrl: string; }' is not assignable to type '{ id: number; username: string; email: string; nickname: string; avatarUrl: string; wins: string; losses: string; } | { id: number; username: string; email: string; nickname: string; avatarUrl: string; wins: string; losses: string; }'.
116.0   Type '{ id: number; username: any; email: any; nickname: any; avatarUrl: string; }' is missing the following properties from type '{ id: number; username: string; email: string; nickname: string; avatarUrl: string; wins: string; losses: string; }': wins, losses
116.0 src/views/private/Friends.vue(78,26): error TS7016: Could not find a declaration file for module './eventbus.js'. '/frontend/src/views/private/eventbus.js' implicitly has an 'any' type.
116.0 src/views/private/Friends.vue(131,62): error TS7006: Parameter 'friend' implicitly has an 'any' type.
116.0 src/views/private/UserProfile.vue(71,26): error TS7016: Could not find a declaration file for module './eventbus.js'. '/frontend/src/views/private/eventbus.js' implicitly has an 'any' type.
116.0 src/views/private/UserProfile.vue(200,52): error TS7006: Parameter 'friend' implicitly has an 'any' type.
116.0 src/views/private/UserProfile.vue(50,85): error TS2345: Argument of type '{ id: string; username: string; nickname: string; email: string; avatar: string; isFriend: boolean; friendRequestSent: boolean; is_blocked: boolean; }' is not assignable to parameter of type 'Friend'.
116.0   Type '{ id: string; username: string; nickname: string; email: string; avatar: string; isFriend: boolean; friendRequestSent: boolean; is_blocked: boolean; }' is missing the following properties from type 'Friend': is_blocked_by_user, is_blocked_by_friend
116.0 src/views/private/UserProfile.vue(58,37): error TS2322: Type 'string' is not assignable to type 'number'.
116.0 src/views/private/UserProfile.vue(61,36): error TS2322: Type 'string' is not assignable to type 'number'.
116.0 src/main.ts(4,17): error TS7016: Could not find a declaration file for module './App.vue'. '/frontend/src/App.vue' implicitly has an 'any' type.
116.0 src/main.ts(10,18): error TS7016: Could not find a declaration file for module 'vue3-beautiful-chat'. '/frontend/node_modules/vue3-beautiful-chat/index.js' implicitly has an 'any' type.
116.0   Try `npm i --save-dev @types/vue3-beautiful-chat` if it exists or add a new declaration (.d.ts) file containing `declare module 'vue3-beautiful-chat';`
------
failed to solve: process "/bin/sh -c npm i && npm run build" did not complete successfully: exit code: 2
make: *** [Makefile:16: all] Error 17
